<?xml version="1.0" encoding="UTF-8" ?>
<testsuite failures="1" time="0.028" errors="0" skipped="0" tests="5" name="ufcg.edu.br.Sistema120121.testes.TestaClasseData">
  <properties>
    <property name="java.runtime.name" value="Java(TM) SE Runtime Environment"/>
    <property name="sun.boot.library.path" value="C:\Program Files\Java\jdk1.7.0\jre\bin"/>
    <property name="java.vm.version" value="21.0-b17"/>
    <property name="java.vm.vendor" value="Oracle Corporation"/>
    <property name="java.vendor.url" value="http://java.oracle.com/"/>
    <property name="path.separator" value=";"/>
    <property name="java.vm.name" value="Java HotSpot(TM) Client VM"/>
    <property name="file.encoding.pkg" value="sun.io"/>
    <property name="user.script" value=""/>
    <property name="user.country" value="BR"/>
    <property name="sun.java.launcher" value="SUN_STANDARD"/>
    <property name="sun.os.patch.level" value=""/>
    <property name="java.vm.specification.name" value="Java Virtual Machine Specification"/>
    <property name="user.dir" value="D:\Users\Fontenele\git\Sistema1-20121"/>
    <property name="java.runtime.version" value="1.7.0-b147"/>
    <property name="java.awt.graphicsenv" value="sun.awt.Win32GraphicsEnvironment"/>
    <property name="basedir" value="D:\Users\Fontenele\git\Sistema1-20121"/>
    <property name="java.endorsed.dirs" value="C:\Program Files\Java\jdk1.7.0\jre\lib\endorsed"/>
    <property name="os.arch" value="x86"/>
    <property name="surefire.real.class.path" value="D:\Users\Fontenele\git\Sistema1-20121\target\surefire\surefirebooter1222953446198973468.jar"/>
    <property name="java.io.tmpdir" value="D:\Users\FONTEN~1\AppData\Local\Temp\"/>
    <property name="line.separator" value="
"/>
    <property name="java.vm.specification.vendor" value="Oracle Corporation"/>
    <property name="user.variant" value=""/>
    <property name="os.name" value="Windows 7"/>
    <property name="sun.jnu.encoding" value="Cp1252"/>
    <property name="java.library.path" value="C:\Program Files\Java\jdk1.7.0\jre\bin;C:\Windows\Sun\Java\bin;C:\Windows\system32;C:\Windows;C:/Program Files/Java/jdk1.7.0/bin/../jre/bin/client;C:/Program Files/Java/jdk1.7.0/bin/../jre/bin;C:/Program Files/Java/jdk1.7.0/bin/../jre/lib/i386;C:\Program Files\Common Files\Microsoft Shared\Windows Live;C:\Windows\system32;C:\Windows;C:\Windows\System32\Wbem;C:\Windows\System32\WindowsPowerShell\v1.0\;C:\Program Files\Windows Live\Shared;C:\Program Files\Java\jdk1.7.0\bin;C:\apache-maven-3.0.4\bin;C:\php;C:\Program Files\Groovy\Groovy-1.8.6\bin;C:\grails\bin;C:\Program Files\Common Files\Nero\Lib\;C:\eclipse;;."/>
    <property name="surefire.test.class.path" value="D:\Users\Fontenele\git\Sistema1-20121\target\test-classes;D:\Users\Fontenele\git\Sistema1-20121\target\classes;D:\Users\Fontenele\.m2\repository\junit\junit\4.0\junit-4.0.jar;D:\Users\Fontenele\.m2\repository\ufcg\edu\br\easyaccept\1.0.0\easyaccept-1.0.0.jar;D:\Users\Fontenele\.m2\repository\com\thoughtworks\xstream\xstream\1.4.2\xstream-1.4.2.jar;D:\Users\Fontenele\.m2\repository\xmlpull\xmlpull\1.1.3.1\xmlpull-1.1.3.1.jar;D:\Users\Fontenele\.m2\repository\xpp3\xpp3_min\1.1.4c\xpp3_min-1.1.4c.jar;D:\Users\Fontenele\.m2\repository\javax\mail\mail\1.4.5\mail-1.4.5.jar;D:\Users\Fontenele\.m2\repository\javax\activation\activation\1.1\activation-1.1.jar;"/>
    <property name="java.specification.name" value="Java Platform API Specification"/>
    <property name="java.class.version" value="51.0"/>
    <property name="sun.management.compiler" value="HotSpot Client Compiler"/>
    <property name="os.version" value="6.1"/>
    <property name="user.home" value="D:\Users\Fontenele"/>
    <property name="user.timezone" value="GMT-03:00"/>
    <property name="java.awt.printerjob" value="sun.awt.windows.WPrinterJob"/>
    <property name="java.specification.version" value="1.7"/>
    <property name="file.encoding" value="Cp1252"/>
    <property name="user.name" value="Fontenele"/>
    <property name="java.class.path" value="D:\Users\Fontenele\git\Sistema1-20121\target\test-classes;D:\Users\Fontenele\git\Sistema1-20121\target\classes;D:\Users\Fontenele\.m2\repository\junit\junit\4.0\junit-4.0.jar;D:\Users\Fontenele\.m2\repository\ufcg\edu\br\easyaccept\1.0.0\easyaccept-1.0.0.jar;D:\Users\Fontenele\.m2\repository\com\thoughtworks\xstream\xstream\1.4.2\xstream-1.4.2.jar;D:\Users\Fontenele\.m2\repository\xmlpull\xmlpull\1.1.3.1\xmlpull-1.1.3.1.jar;D:\Users\Fontenele\.m2\repository\xpp3\xpp3_min\1.1.4c\xpp3_min-1.1.4c.jar;D:\Users\Fontenele\.m2\repository\javax\mail\mail\1.4.5\mail-1.4.5.jar;D:\Users\Fontenele\.m2\repository\javax\activation\activation\1.1\activation-1.1.jar;"/>
    <property name="java.vm.specification.version" value="1.7"/>
    <property name="sun.arch.data.model" value="32"/>
    <property name="java.home" value="C:\Program Files\Java\jdk1.7.0\jre"/>
    <property name="sun.java.command" value="D:\Users\Fontenele\git\Sistema1-20121\target\surefire\surefirebooter1222953446198973468.jar D:\Users\Fontenele\git\Sistema1-20121\target\surefire\surefire4741964590270389703tmp D:\Users\Fontenele\git\Sistema1-20121\target\surefire\surefire2718335983036939777tmp"/>
    <property name="java.specification.vendor" value="Oracle Corporation"/>
    <property name="user.language" value="pt"/>
    <property name="awt.toolkit" value="sun.awt.windows.WToolkit"/>
    <property name="java.vm.info" value="mixed mode, sharing"/>
    <property name="java.version" value="1.7.0"/>
    <property name="java.ext.dirs" value="C:\Program Files\Java\jdk1.7.0\jre\lib\ext;C:\Windows\Sun\Java\lib\ext"/>
    <property name="sun.boot.class.path" value="C:\Program Files\Java\jdk1.7.0\jre\lib\resources.jar;C:\Program Files\Java\jdk1.7.0\jre\lib\rt.jar;C:\Program Files\Java\jdk1.7.0\jre\lib\sunrsasign.jar;C:\Program Files\Java\jdk1.7.0\jre\lib\jsse.jar;C:\Program Files\Java\jdk1.7.0\jre\lib\jce.jar;C:\Program Files\Java\jdk1.7.0\jre\lib\charsets.jar;C:\Program Files\Java\jdk1.7.0\jre\classes"/>
    <property name="java.vendor" value="Oracle Corporation"/>
    <property name="localRepository" value="D:\Users\Fontenele\.m2\repository"/>
    <property name="file.separator" value="\"/>
    <property name="java.vendor.url.bug" value="http://bugreport.sun.com/bugreport/"/>
    <property name="sun.cpu.endian" value="little"/>
    <property name="sun.io.unicode.encoding" value="UnicodeLittle"/>
    <property name="sun.desktop" value="windows"/>
    <property name="sun.cpu.isalist" value="pentium_pro+mmx pentium_pro pentium+mmx pentium i486 i386 i86"/>
  </properties>
  <testcase time="0.002" classname="ufcg.edu.br.Sistema120121.testes.TestaClasseData" name="testaGetData"/>
  <testcase time="0.001" classname="ufcg.edu.br.Sistema120121.testes.TestaClasseData" name="testaGetAno"/>
  <testcase time="0.002" classname="ufcg.edu.br.Sistema120121.testes.TestaClasseData" name="testaGetMes"/>
  <testcase time="0.001" classname="ufcg.edu.br.Sistema120121.testes.TestaClasseData" name="testaGetDia"/>
  <testcase time="0.013" classname="ufcg.edu.br.Sistema120121.testes.TestaClasseData" name="testaDataValida">
    <failure message="null" type="java.lang.AssertionError">java.lang.AssertionError: null
	at org.junit.Assert.fail(Assert.java:58)
	at org.junit.Assert.assertTrue(Assert.java:27)
	at org.junit.Assert.assertFalse(Assert.java:43)
	at org.junit.Assert.assertFalse(Assert.java:51)
	at ufcg.edu.br.Sistema120121.testes.TestaClasseData.testaDataValida(TestaClasseData.java:64)
	at sun.reflect.NativeMethodAccessorImpl.invoke0(Native Method)
	at sun.reflect.NativeMethodAccessorImpl.invoke(NativeMethodAccessorImpl.java:57)
	at sun.reflect.DelegatingMethodAccessorImpl.invoke(DelegatingMethodAccessorImpl.java:43)
	at java.lang.reflect.Method.invoke(Method.java:601)
	at org.junit.internal.runners.TestMethodRunner.executeMethodBody(TestMethodRunner.java:99)
	at org.junit.internal.runners.TestMethodRunner.runUnprotected(TestMethodRunner.java:81)
	at org.junit.internal.runners.BeforeAndAfterRunner.runProtected(BeforeAndAfterRunner.java:34)
	at org.junit.internal.runners.TestMethodRunner.runMethod(TestMethodRunner.java:75)
	at org.junit.internal.runners.TestMethodRunner.run(TestMethodRunner.java:45)
	at org.junit.internal.runners.TestClassMethodsRunner.invokeTestMethod(TestClassMethodsRunner.java:71)
	at org.junit.internal.runners.TestClassMethodsRunner.run(TestClassMethodsRunner.java:35)
	at org.junit.internal.runners.TestClassRunner$1.runUnprotected(TestClassRunner.java:42)
	at org.junit.internal.runners.BeforeAndAfterRunner.runProtected(BeforeAndAfterRunner.java:34)
	at org.junit.internal.runners.TestClassRunner.run(TestClassRunner.java:52)
	at org.apache.maven.surefire.junit4.JUnit4TestSet.execute(JUnit4TestSet.java:35)
	at org.apache.maven.surefire.junit4.JUnit4Provider.executeTestSet(JUnit4Provider.java:146)
	at org.apache.maven.surefire.junit4.JUnit4Provider.invoke(JUnit4Provider.java:97)
	at sun.reflect.NativeMethodAccessorImpl.invoke0(Native Method)
	at sun.reflect.NativeMethodAccessorImpl.invoke(NativeMethodAccessorImpl.java:57)
	at sun.reflect.DelegatingMethodAccessorImpl.invoke(DelegatingMethodAccessorImpl.java:43)
	at java.lang.reflect.Method.invoke(Method.java:601)
	at org.apache.maven.surefire.booter.ProviderFactory$ClassLoaderProxy.invoke(ProviderFactory.java:103)
	at $Proxy0.invoke(Unknown Source)
	at org.apache.maven.surefire.booter.SurefireStarter.invokeProvider(SurefireStarter.java:145)
	at org.apache.maven.surefire.booter.SurefireStarter.runSuitesInProcess(SurefireStarter.java:87)
	at org.apache.maven.surefire.booter.ForkedBooter.main(ForkedBooter.java:69)
</failure>
  </testcase>
</testsuite>